<testsuites id="" name="" tests="40" failures="39" skipped="0" errors="0" time="236.51419799999996">
<testsuite name="auth.setup.ts" timestamp="2025-08-29T16:24:40.714Z" hostname="auth-setup" tests="1" failures="0" skipped="0" time="6.792" errors="0">
<testcase name="Auth Setup › criar storage state autenticado" classname="auth.setup.ts" time="6.792">
<system-out>
<![CDATA[✅ auth.setup.ts: storage state gerado em e2e/storage/auth.json
]]>
</system-out>
<system-err>
<![CDATA[⚠️ Aviso: user-menu não encontrado, prosseguindo.
]]>
</system-err>
</testcase>
</testsuite>
<testsuite name="agenda.spec.ts" timestamp="2025-08-29T16:24:40.714Z" hostname="chromium" tests="14" failures="14" skipped="0" time="538.085" errors="0">
<testcase name="Agenda › deve carregar calendário de agendamentos" classname="agenda.spec.ts" time="39.249">
<failure message="agenda.spec.ts:19:7 deve carregar calendário de agendamentos" type="FAILURE">
<![CDATA[  [chromium] › agenda.spec.ts:19:7 › Agenda › deve carregar calendário de agendamentos ─────────────

    Test timeout of 30000ms exceeded while setting up "authenticatedPage".

    attachment #1: screenshot (image/png) ──────────────────────────────────────────────────────────
    ..\..\test-results\agenda-Agenda-deve-carregar-calendário-de-agendamentos-chromium\test-failed-1.png
    ────────────────────────────────────────────────────────────────────────────────────────────────

    attachment #2: video (video/webm) ──────────────────────────────────────────────────────────────
    ..\..\test-results\agenda-Agenda-deve-carregar-calendário-de-agendamentos-chromium\video.webm
    ────────────────────────────────────────────────────────────────────────────────────────────────

    Error Context: ..\..\test-results\agenda-Agenda-deve-carregar-calendário-de-agendamentos-chromium\error-context.md
]]>
</failure>
<system-out>
<![CDATA[✅ Dados de teste criados
✅ Dados de teste limpos
]]>
</system-out>
<system-err>
<![CDATA[⚠️ Aviso: user-menu não encontrado, prosseguindo.

Warning: attachment agenda-Agenda-deve-carregar-calendário-de-agendamentos-chromium\test-failed-1.png is missing
Warning: attachment agenda-Agenda-deve-carregar-calendário-de-agendamentos-chromium\video.webm is missing
Warning: attachment agenda-Agenda-deve-carregar-calendário-de-agendamentos-chromium\error-context.md is missing]]>
</system-err>
</testcase>
<testcase name="Agenda › deve criar novo agendamento com sucesso" classname="agenda.spec.ts" time="38.045">
<failure message="agenda.spec.ts:33:7 deve criar novo agendamento com sucesso" type="FAILURE">
<![CDATA[  [chromium] › agenda.spec.ts:33:7 › Agenda › deve criar novo agendamento com sucesso ──────────────

    Test timeout of 30000ms exceeded while setting up "authenticatedPage".

    attachment #1: screenshot (image/png) ──────────────────────────────────────────────────────────
    ..\..\test-results\agenda-Agenda-deve-criar-novo-agendamento-com-sucesso-chromium\test-failed-1.png
    ────────────────────────────────────────────────────────────────────────────────────────────────

    attachment #2: video (video/webm) ──────────────────────────────────────────────────────────────
    ..\..\test-results\agenda-Agenda-deve-criar-novo-agendamento-com-sucesso-chromium\video.webm
    ────────────────────────────────────────────────────────────────────────────────────────────────

    Error Context: ..\..\test-results\agenda-Agenda-deve-criar-novo-agendamento-com-sucesso-chromium\error-context.md
]]>
</failure>
<system-out>
<![CDATA[✅ Dados de teste criados
✅ Dados de teste limpos
]]>
</system-out>
<system-err>
<![CDATA[⚠️ Aviso: user-menu não encontrado, prosseguindo.

Warning: attachment agenda-Agenda-deve-criar-novo-agendamento-com-sucesso-chromium\test-failed-1.png is missing
Warning: attachment agenda-Agenda-deve-criar-novo-agendamento-com-sucesso-chromium\video.webm is missing
Warning: attachment agenda-Agenda-deve-criar-novo-agendamento-com-sucesso-chromium\error-context.md is missing]]>
</system-err>
</testcase>
<testcase name="Agenda › deve editar agendamento existente" classname="agenda.spec.ts" time="38.906">
<failure message="agenda.spec.ts:65:7 deve editar agendamento existente" type="FAILURE">
<![CDATA[  [chromium] › agenda.spec.ts:65:7 › Agenda › deve editar agendamento existente ────────────────────

    Test timeout of 30000ms exceeded while setting up "authenticatedPage".

    attachment #1: video (video/webm) ──────────────────────────────────────────────────────────────
    ..\..\test-results\agenda-Agenda-deve-editar-agendamento-existente-chromium\video.webm
    ────────────────────────────────────────────────────────────────────────────────────────────────

    Error Context: ..\..\test-results\agenda-Agenda-deve-editar-agendamento-existente-chromium\error-context.md
]]>
</failure>
<system-out>
<![CDATA[✅ Dados de teste criados
✅ Dados de teste limpos
]]>
</system-out>
<system-err>
<![CDATA[⚠️ Aviso: user-menu não encontrado, prosseguindo.

Warning: attachment agenda-Agenda-deve-editar-agendamento-existente-chromium\video.webm is missing
Warning: attachment agenda-Agenda-deve-editar-agendamento-existente-chromium\error-context.md is missing]]>
</system-err>
</testcase>
<testcase name="Agenda › deve validar conflitos de horário" classname="agenda.spec.ts" time="38.559">
<failure message="agenda.spec.ts:110:7 deve validar conflitos de horário" type="FAILURE">
<![CDATA[  [chromium] › agenda.spec.ts:110:7 › Agenda › deve validar conflitos de horário ───────────────────

    Test timeout of 30000ms exceeded while setting up "authenticatedPage".

    attachment #1: screenshot (image/png) ──────────────────────────────────────────────────────────
    ..\..\test-results\agenda-Agenda-deve-validar-conflitos-de-horário-chromium\test-failed-1.png
    ────────────────────────────────────────────────────────────────────────────────────────────────

    attachment #2: video (video/webm) ──────────────────────────────────────────────────────────────
    ..\..\test-results\agenda-Agenda-deve-validar-conflitos-de-horário-chromium\video.webm
    ────────────────────────────────────────────────────────────────────────────────────────────────

    Error Context: ..\..\test-results\agenda-Agenda-deve-validar-conflitos-de-horário-chromium\error-context.md
]]>
</failure>
<system-out>
<![CDATA[✅ Dados de teste criados
✅ Dados de teste limpos
]]>
</system-out>
<system-err>
<![CDATA[⚠️ Aviso: user-menu não encontrado, prosseguindo.

Warning: attachment agenda-Agenda-deve-validar-conflitos-de-horário-chromium\test-failed-1.png is missing
Warning: attachment agenda-Agenda-deve-validar-conflitos-de-horário-chromium\video.webm is missing
Warning: attachment agenda-Agenda-deve-validar-conflitos-de-horário-chromium\error-context.md is missing]]>
</system-err>
</testcase>
<testcase name="Agenda › deve cancelar agendamento corretamente" classname="agenda.spec.ts" time="38.996">
<failure message="agenda.spec.ts:153:7 deve cancelar agendamento corretamente" type="FAILURE">
<![CDATA[  [chromium] › agenda.spec.ts:153:7 › Agenda › deve cancelar agendamento corretamente ──────────────

    Test timeout of 30000ms exceeded while setting up "authenticatedPage".

    attachment #1: video (video/webm) ──────────────────────────────────────────────────────────────
    ..\..\test-results\agenda-Agenda-deve-cancelar-agendamento-corretamente-chromium\video.webm
    ────────────────────────────────────────────────────────────────────────────────────────────────

    Error Context: ..\..\test-results\agenda-Agenda-deve-cancelar-agendamento-corretamente-chromium\error-context.md
]]>
</failure>
<system-out>
<![CDATA[✅ Dados de teste criados
✅ Dados de teste limpos
]]>
</system-out>
<system-err>
<![CDATA[⚠️ Aviso: user-menu não encontrado, prosseguindo.

Warning: attachment agenda-Agenda-deve-cancelar-agendamento-corretamente-chromium\video.webm is missing
Warning: attachment agenda-Agenda-deve-cancelar-agendamento-corretamente-chromium\error-context.md is missing]]>
</system-err>
</testcase>
<testcase name="Agenda › deve filtrar agendamentos por profissional" classname="agenda.spec.ts" time="37.725">
<failure message="agenda.spec.ts:191:7 deve filtrar agendamentos por profissional" type="FAILURE">
<![CDATA[  [chromium] › agenda.spec.ts:191:7 › Agenda › deve filtrar agendamentos por profissional ──────────

    Test timeout of 30000ms exceeded while setting up "authenticatedPage".

    attachment #1: video (video/webm) ──────────────────────────────────────────────────────────────
    ..\..\test-results\agenda-Agenda-deve-filtrar-agendamentos-por-profissional-chromium\video.webm
    ────────────────────────────────────────────────────────────────────────────────────────────────

    Error Context: ..\..\test-results\agenda-Agenda-deve-filtrar-agendamentos-por-profissional-chromium\error-context.md
]]>
</failure>
<system-out>
<![CDATA[✅ Dados de teste criados
✅ Dados de teste limpos
]]>
</system-out>
<system-err>
<![CDATA[⚠️ Aviso: user-menu não encontrado, prosseguindo.

Warning: attachment agenda-Agenda-deve-filtrar-agendamentos-por-profissional-chromium\video.webm is missing
Warning: attachment agenda-Agenda-deve-filtrar-agendamentos-por-profissional-chromium\error-context.md is missing]]>
</system-err>
</testcase>
<testcase name="Agenda › deve alternar entre visualizações do calendário" classname="agenda.spec.ts" time="39.296">
<failure message="agenda.spec.ts:231:7 deve alternar entre visualizações do calendário" type="FAILURE">
<![CDATA[  [chromium] › agenda.spec.ts:231:7 › Agenda › deve alternar entre visualizações do calendário ─────

    Test timeout of 30000ms exceeded while setting up "authenticatedPage".

    attachment #1: screenshot (image/png) ──────────────────────────────────────────────────────────
    ..\..\test-results\agenda-Agenda-deve-alterna-388d1-visualizações-do-calendário-chromium\test-failed-1.png
    ────────────────────────────────────────────────────────────────────────────────────────────────

    attachment #2: video (video/webm) ──────────────────────────────────────────────────────────────
    ..\..\test-results\agenda-Agenda-deve-alterna-388d1-visualizações-do-calendário-chromium\video.webm
    ────────────────────────────────────────────────────────────────────────────────────────────────

    Error Context: ..\..\test-results\agenda-Agenda-deve-alterna-388d1-visualizações-do-calendário-chromium\error-context.md
]]>
</failure>
<system-out>
<![CDATA[✅ Dados de teste criados
✅ Dados de teste limpos
]]>
</system-out>
<system-err>
<![CDATA[⚠️ Aviso: user-menu não encontrado, prosseguindo.

Warning: attachment agenda-Agenda-deve-alterna-388d1-visualizações-do-calendário-chromium\test-failed-1.png is missing
Warning: attachment agenda-Agenda-deve-alterna-388d1-visualizações-do-calendário-chromium\video.webm is missing
Warning: attachment agenda-Agenda-deve-alterna-388d1-visualizações-do-calendário-chromium\error-context.md is missing]]>
</system-err>
</testcase>
<testcase name="Agenda › deve criar agendamento com múltiplos serviços" classname="agenda.spec.ts" time="39.078">
<failure message="agenda.spec.ts:256:7 deve criar agendamento com múltiplos serviços" type="FAILURE">
<![CDATA[  [chromium] › agenda.spec.ts:256:7 › Agenda › deve criar agendamento com múltiplos serviços ───────

    Test timeout of 30000ms exceeded while setting up "authenticatedPage".

    attachment #1: video (video/webm) ──────────────────────────────────────────────────────────────
    ..\..\test-results\agenda-Agenda-deve-criar-agendamento-com-múltiplos-serviços-chromium\video.webm
    ────────────────────────────────────────────────────────────────────────────────────────────────

    Error Context: ..\..\test-results\agenda-Agenda-deve-criar-agendamento-com-múltiplos-serviços-chromium\error-context.md
]]>
</failure>
<system-out>
<![CDATA[✅ Dados de teste criados
✅ Dados de teste limpos
]]>
</system-out>
<system-err>
<![CDATA[⚠️ Aviso: user-menu não encontrado, prosseguindo.

Warning: attachment agenda-Agenda-deve-criar-agendamento-com-múltiplos-serviços-chromium\video.webm is missing
Warning: attachment agenda-Agenda-deve-criar-agendamento-com-múltiplos-serviços-chromium\error-context.md is missing]]>
</system-err>
</testcase>
<testcase name="Agenda › deve validar disponibilidade de profissional" classname="agenda.spec.ts" time="40.934">
<failure message="agenda.spec.ts:298:7 deve validar disponibilidade de profissional" type="FAILURE">
<![CDATA[  [chromium] › agenda.spec.ts:298:7 › Agenda › deve validar disponibilidade de profissional ────────

    Test timeout of 30000ms exceeded.

    Error: page.goto: net::ERR_ABORTED; maybe frame was detached?
    Call log:
      - navigating to "http://localhost:3000/agenda", waiting until "load"


      301 |   }) => {
      302 |     // Criar primeiro agendamento
    > 303 |     await authenticatedPage.goto('/agenda');
          |                             ^
      304 |     await authenticatedPage.waitForSelector('[data-testid="calendario-view"]');
      305 |
      306 |     await authenticatedPage.click('[data-testid="novo-agendamento-button"]');
        at C:\Users\ADMIN\Desktop\saasBarbearia\saas-barbearia\e2e\tests\agenda.spec.ts:303:29

    attachment #1: video (video/webm) ──────────────────────────────────────────────────────────────
    ..\..\test-results\agenda-Agenda-deve-validar-disponibilidade-de-profissional-chromium\video.webm
    ────────────────────────────────────────────────────────────────────────────────────────────────
]]>
</failure>
<system-out>
<![CDATA[✅ Dados de teste criados
✅ Dados de teste limpos
]]>
</system-out>
<system-err>
<![CDATA[⚠️ Aviso: user-menu não encontrado, prosseguindo.

Warning: attachment agenda-Agenda-deve-validar-disponibilidade-de-profissional-chromium\video.webm is missing]]>
</system-err>
</testcase>
<testcase name="Agenda › deve integrar agendamento com sistema de fila" classname="agenda.spec.ts" time="40.958">
<failure message="agenda.spec.ts:336:7 deve integrar agendamento com sistema de fila" type="FAILURE">
<![CDATA[  [chromium] › agenda.spec.ts:336:7 › Agenda › deve integrar agendamento com sistema de fila ───────

    Test timeout of 30000ms exceeded.

    Error: page.goto: net::ERR_ABORTED; maybe frame was detached?
    Call log:
      - navigating to "http://localhost:3000/agenda", waiting until "load"


      342 |     const horaAgendamento = new Date(dataAtual.getTime() + 5 * 60000); // +5 minutos
      343 |
    > 344 |     await authenticatedPage.goto('/agenda');
          |                             ^
      345 |     await authenticatedPage.waitForSelector('[data-testid="calendario-view"]');
      346 |
      347 |     await authenticatedPage.click('[data-testid="novo-agendamento-button"]');
        at C:\Users\ADMIN\Desktop\saasBarbearia\saas-barbearia\e2e\tests\agenda.spec.ts:344:29

    attachment #1: video (video/webm) ──────────────────────────────────────────────────────────────
    ..\..\test-results\agenda-Agenda-deve-integrar-agendamento-com-sistema-de-fila-chromium\video.webm
    ────────────────────────────────────────────────────────────────────────────────────────────────
]]>
</failure>
<system-out>
<![CDATA[✅ Dados de teste criados
✅ Dados de teste limpos
]]>
</system-out>
<system-err>
<![CDATA[⚠️ Aviso: user-menu não encontrado, prosseguindo.

Warning: attachment agenda-Agenda-deve-integrar-agendamento-com-sistema-de-fila-chromium\video.webm is missing]]>
</system-err>
</testcase>
<testcase name="Agenda › deve calcular tempo estimado de atendimento" classname="agenda.spec.ts" time="36.757">
<failure message="agenda.spec.ts:374:7 deve calcular tempo estimado de atendimento" type="FAILURE">
<![CDATA[  [chromium] › agenda.spec.ts:374:7 › Agenda › deve calcular tempo estimado de atendimento ─────────

    Test timeout of 30000ms exceeded while setting up "authenticatedPage".

    Error: page.goto: Test timeout of 30000ms exceeded.
    Call log:
      - navigating to "http://localhost:3000/", waiting until "load"


       at ..\fixtures\index.ts:141

      139 |     }
      140 |
    > 141 |     await page.goto(process.env.E2E_BASE_URL ?? 'http://localhost:3000');
          |                ^
      142 |     await page.waitForLoadState('networkidle');
      143 |
      144 |     try {
        at Object.authenticatedPage (C:\Users\ADMIN\Desktop\saasBarbearia\saas-barbearia\e2e\fixtures\index.ts:141:16)

    attachment #1: video (video/webm) ──────────────────────────────────────────────────────────────
    ..\..\test-results\agenda-Agenda-deve-calcular-tempo-estimado-de-atendimento-chromium\video.webm
    ────────────────────────────────────────────────────────────────────────────────────────────────

    Error Context: ..\..\test-results\agenda-Agenda-deve-calcular-tempo-estimado-de-atendimento-chromium\error-context.md
]]>
</failure>
<system-out>
<![CDATA[✅ Dados de teste criados
✅ Dados de teste limpos
]]>
</system-out>
<system-err>
<![CDATA[
Warning: attachment agenda-Agenda-deve-calcular-tempo-estimado-de-atendimento-chromium\video.webm is missing
Warning: attachment agenda-Agenda-deve-calcular-tempo-estimado-de-atendimento-chromium\error-context.md is missing]]>
</system-err>
</testcase>
<testcase name="Agenda › deve validar horário de funcionamento" classname="agenda.spec.ts" time="36.826">
<failure message="agenda.spec.ts:401:7 deve validar horário de funcionamento" type="FAILURE">
<![CDATA[  [chromium] › agenda.spec.ts:401:7 › Agenda › deve validar horário de funcionamento ───────────────

    Test timeout of 30000ms exceeded while setting up "authenticatedPage".

    Error: page.goto: Test timeout of 30000ms exceeded.
    Call log:
      - navigating to "http://localhost:3000/", waiting until "load"


       at ..\fixtures\index.ts:141

      139 |     }
      140 |
    > 141 |     await page.goto(process.env.E2E_BASE_URL ?? 'http://localhost:3000');
          |                ^
      142 |     await page.waitForLoadState('networkidle');
      143 |
      144 |     try {
        at Object.authenticatedPage (C:\Users\ADMIN\Desktop\saasBarbearia\saas-barbearia\e2e\fixtures\index.ts:141:16)

    attachment #1: video (video/webm) ──────────────────────────────────────────────────────────────
    ..\..\test-results\agenda-Agenda-deve-validar-horário-de-funcionamento-chromium\video.webm
    ────────────────────────────────────────────────────────────────────────────────────────────────

    Error Context: ..\..\test-results\agenda-Agenda-deve-validar-horário-de-funcionamento-chromium\error-context.md
]]>
</failure>
<system-out>
<![CDATA[✅ Dados de teste criados
✅ Dados de teste limpos
]]>
</system-out>
<system-err>
<![CDATA[
Warning: attachment agenda-Agenda-deve-validar-horário-de-funcionamento-chromium\video.webm is missing
Warning: attachment agenda-Agenda-deve-validar-horário-de-funcionamento-chromium\error-context.md is missing]]>
</system-err>
</testcase>
<testcase name="Agenda › deve permitir reagendamento" classname="agenda.spec.ts" time="36.521">
<failure message="agenda.spec.ts:425:7 deve permitir reagendamento" type="FAILURE">
<![CDATA[  [chromium] › agenda.spec.ts:425:7 › Agenda › deve permitir reagendamento ─────────────────────────

    Test timeout of 30000ms exceeded while setting up "authenticatedPage".

    Error: page.goto: Test timeout of 30000ms exceeded.
    Call log:
      - navigating to "http://localhost:3000/", waiting until "load"


       at ..\fixtures\index.ts:141

      139 |     }
      140 |
    > 141 |     await page.goto(process.env.E2E_BASE_URL ?? 'http://localhost:3000');
          |                ^
      142 |     await page.waitForLoadState('networkidle');
      143 |
      144 |     try {
        at Object.authenticatedPage (C:\Users\ADMIN\Desktop\saasBarbearia\saas-barbearia\e2e\fixtures\index.ts:141:16)

    attachment #1: video (video/webm) ──────────────────────────────────────────────────────────────
    ..\..\test-results\agenda-Agenda-deve-permitir-reagendamento-chromium\video.webm
    ────────────────────────────────────────────────────────────────────────────────────────────────

    Error Context: ..\..\test-results\agenda-Agenda-deve-permitir-reagendamento-chromium\error-context.md
]]>
</failure>
<system-out>
<![CDATA[✅ Dados de teste criados
✅ Dados de teste limpos
]]>
</system-out>
<system-err>
<![CDATA[
Warning: attachment agenda-Agenda-deve-permitir-reagendamento-chromium\video.webm is missing
Warning: attachment agenda-Agenda-deve-permitir-reagendamento-chromium\error-context.md is missing]]>
</system-err>
</testcase>
<testcase name="Agenda › deve notificar sobre agendamentos próximos" classname="agenda.spec.ts" time="36.235">
<failure message="agenda.spec.ts:466:7 deve notificar sobre agendamentos próximos" type="FAILURE">
<![CDATA[  [chromium] › agenda.spec.ts:466:7 › Agenda › deve notificar sobre agendamentos próximos ──────────

    Test timeout of 30000ms exceeded while setting up "authenticatedPage".

    Error: page.goto: Test timeout of 30000ms exceeded.
    Call log:
      - navigating to "http://localhost:3000/", waiting until "load"


       at ..\fixtures\index.ts:141

      139 |     }
      140 |
    > 141 |     await page.goto(process.env.E2E_BASE_URL ?? 'http://localhost:3000');
          |                ^
      142 |     await page.waitForLoadState('networkidle');
      143 |
      144 |     try {
        at Object.authenticatedPage (C:\Users\ADMIN\Desktop\saasBarbearia\saas-barbearia\e2e\fixtures\index.ts:141:16)

    attachment #1: video (video/webm) ──────────────────────────────────────────────────────────────
    ..\..\test-results\agenda-Agenda-deve-notificar-sobre-agendamentos-próximos-chromium\video.webm
    ────────────────────────────────────────────────────────────────────────────────────────────────

    Error Context: ..\..\test-results\agenda-Agenda-deve-notificar-sobre-agendamentos-próximos-chromium\error-context.md
]]>
</failure>
<system-out>
<![CDATA[✅ Dados de teste criados
✅ Dados de teste limpos
]]>
</system-out>
<system-err>
<![CDATA[
Warning: attachment agenda-Agenda-deve-notificar-sobre-agendamentos-próximos-chromium\video.webm is missing
Warning: attachment agenda-Agenda-deve-notificar-sobre-agendamentos-próximos-chromium\error-context.md is missing]]>
</system-err>
</testcase>
</testsuite>
<testsuite name="servicos.spec.ts" timestamp="2025-08-29T16:24:40.714Z" hostname="chromium" tests="12" failures="12" skipped="0" time="412.683" errors="0">
<testcase name="Serviços › deve carregar catálogo de serviços" classname="servicos.spec.ts" time="45.585">
<failure message="servicos.spec.ts:14:7 deve carregar catálogo de serviços" type="FAILURE">
<![CDATA[  [chromium] › servicos.spec.ts:14:7 › Serviços › deve carregar catálogo de serviços ───────────────

    Test timeout of 30000ms exceeded while running "beforeEach" hook.

      3 |
      4 | test.describe('Serviços', () => {
    > 5 |   test.beforeEach(async ({ createTestData, page }) => {
        |        ^
      6 |     await createTestData();
      7 |     await page.goto('/servicos');
      8 |   });
        at C:\Users\ADMIN\Desktop\saasBarbearia\saas-barbearia\e2e\tests\servicos.spec.ts:5:8

    Error: page.goto: net::ERR_ABORTED; maybe frame was detached?
    Call log:
      - navigating to "http://localhost:3000/servicos", waiting until "load"


       5 |   test.beforeEach(async ({ createTestData, page }) => {
       6 |     await createTestData();
    >  7 |     await page.goto('/servicos');
         |                ^
       8 |   });
       9 |
      10 |   test.afterEach(async ({ cleanupTestData }) => {
        at C:\Users\ADMIN\Desktop\saasBarbearia\saas-barbearia\e2e\tests\servicos.spec.ts:7:16

    attachment #1: video (video/webm) ──────────────────────────────────────────────────────────────
    ..\..\test-results\servicos-Serviços-deve-carregar-catálogo-de-serviços-chromium\video.webm
    ────────────────────────────────────────────────────────────────────────────────────────────────
]]>
</failure>
<system-out>
<![CDATA[✅ Dados de teste criados
✅ Dados de teste limpos
]]>
</system-out>
<system-err>
<![CDATA[
Warning: attachment servicos-Serviços-deve-carregar-catálogo-de-serviços-chromium\video.webm is missing]]>
</system-err>
</testcase>
<testcase name="Serviços › deve criar novo serviço" classname="servicos.spec.ts" time="45.195">
<failure message="servicos.spec.ts:19:7 deve criar novo serviço" type="FAILURE">
<![CDATA[  [chromium] › servicos.spec.ts:19:7 › Serviços › deve criar novo serviço ──────────────────────────

    Test timeout of 30000ms exceeded while running "beforeEach" hook.

      3 |
      4 | test.describe('Serviços', () => {
    > 5 |   test.beforeEach(async ({ createTestData, page }) => {
        |        ^
      6 |     await createTestData();
      7 |     await page.goto('/servicos');
      8 |   });
        at C:\Users\ADMIN\Desktop\saasBarbearia\saas-barbearia\e2e\tests\servicos.spec.ts:5:8

    Error: page.goto: net::ERR_ABORTED; maybe frame was detached?
    Call log:
      - navigating to "http://localhost:3000/servicos", waiting until "load"


       5 |   test.beforeEach(async ({ createTestData, page }) => {
       6 |     await createTestData();
    >  7 |     await page.goto('/servicos');
         |                ^
       8 |   });
       9 |
      10 |   test.afterEach(async ({ cleanupTestData }) => {
        at C:\Users\ADMIN\Desktop\saasBarbearia\saas-barbearia\e2e\tests\servicos.spec.ts:7:16

    attachment #1: video (video/webm) ──────────────────────────────────────────────────────────────
    ..\..\test-results\servicos-Serviços-deve-criar-novo-serviço-chromium\video.webm
    ────────────────────────────────────────────────────────────────────────────────────────────────
]]>
</failure>
<system-out>
<![CDATA[✅ Dados de teste criados
✅ Dados de teste limpos
]]>
</system-out>
<system-err>
<![CDATA[
Warning: attachment servicos-Serviços-deve-criar-novo-serviço-chromium\video.webm is missing]]>
</system-err>
</testcase>
<testcase name="Serviços › deve editar serviço existente" classname="servicos.spec.ts" time="33.898">
<failure message="servicos.spec.ts:37:7 deve editar serviço existente" type="FAILURE">
<![CDATA[  [chromium] › servicos.spec.ts:37:7 › Serviços › deve editar serviço existente ────────────────────

    Test timeout of 30000ms exceeded.

    Error: page.click: Test timeout of 30000ms exceeded.
    Call log:
      - waiting for locator('[data-testid="btn-editar-servico"]')


      36 |
      37 |   test('deve editar serviço existente', async ({ page }) => {
    > 38 |     await page.click('[data-testid="btn-editar-servico"]');
         |                ^
      39 |
      40 |     await page.fill('[data-testid="input-preco"]', '50.00');
      41 |     await page.fill('[data-testid="input-duracao"]', '50');
        at C:\Users\ADMIN\Desktop\saasBarbearia\saas-barbearia\e2e\tests\servicos.spec.ts:38:16

    attachment #1: screenshot (image/png) ──────────────────────────────────────────────────────────
    ..\..\test-results\servicos-Serviços-deve-editar-serviço-existente-chromium\test-failed-1.png
    ────────────────────────────────────────────────────────────────────────────────────────────────

    attachment #2: video (video/webm) ──────────────────────────────────────────────────────────────
    ..\..\test-results\servicos-Serviços-deve-editar-serviço-existente-chromium\video.webm
    ────────────────────────────────────────────────────────────────────────────────────────────────

    Error Context: ..\..\test-results\servicos-Serviços-deve-editar-serviço-existente-chromium\error-context.md
]]>
</failure>
<system-out>
<![CDATA[✅ Dados de teste criados
✅ Dados de teste limpos
]]>
</system-out>
<system-err>
<![CDATA[
Warning: attachment servicos-Serviços-deve-editar-serviço-existente-chromium\test-failed-1.png is missing
Warning: attachment servicos-Serviços-deve-editar-serviço-existente-chromium\video.webm is missing
Warning: attachment servicos-Serviços-deve-editar-serviço-existente-chromium\error-context.md is missing]]>
</system-err>
</testcase>
<testcase name="Serviços › deve validar campos obrigatórios" classname="servicos.spec.ts" time="33.435">
<failure message="servicos.spec.ts:49:7 deve validar campos obrigatórios" type="FAILURE">
<![CDATA[  [chromium] › servicos.spec.ts:49:7 › Serviços › deve validar campos obrigatórios ─────────────────

    Test timeout of 30000ms exceeded.

    Error: page.click: Test timeout of 30000ms exceeded.
    Call log:
      - waiting for locator('[data-testid="btn-novo-servico"]')


      48 |
      49 |   test('deve validar campos obrigatórios', async ({ page }) => {
    > 50 |     await page.click('[data-testid="btn-novo-servico"]');
         |                ^
      51 |
      52 |     await page.click('[data-testid="btn-salvar"]');
      53 |
        at C:\Users\ADMIN\Desktop\saasBarbearia\saas-barbearia\e2e\tests\servicos.spec.ts:50:16

    attachment #1: screenshot (image/png) ──────────────────────────────────────────────────────────
    ..\..\test-results\servicos-Serviços-deve-validar-campos-obrigatórios-chromium\test-failed-1.png
    ────────────────────────────────────────────────────────────────────────────────────────────────

    attachment #2: video (video/webm) ──────────────────────────────────────────────────────────────
    ..\..\test-results\servicos-Serviços-deve-validar-campos-obrigatórios-chromium\video.webm
    ────────────────────────────────────────────────────────────────────────────────────────────────

    Error Context: ..\..\test-results\servicos-Serviços-deve-validar-campos-obrigatórios-chromium\error-context.md
]]>
</failure>
<system-out>
<![CDATA[✅ Dados de teste criados
✅ Dados de teste limpos
]]>
</system-out>
<system-err>
<![CDATA[
Warning: attachment servicos-Serviços-deve-validar-campos-obrigatórios-chromium\test-failed-1.png is missing
Warning: attachment servicos-Serviços-deve-validar-campos-obrigatórios-chromium\video.webm is missing
Warning: attachment servicos-Serviços-deve-validar-campos-obrigatórios-chromium\error-context.md is missing]]>
</system-err>
</testcase>
<testcase name="Serviços › deve vincular serviço a profissional" classname="servicos.spec.ts" time="33.383">
<failure message="servicos.spec.ts:59:7 deve vincular serviço a profissional" type="FAILURE">
<![CDATA[  [chromium] › servicos.spec.ts:59:7 › Serviços › deve vincular serviço a profissional ─────────────

    Test timeout of 30000ms exceeded.

    Error: page.click: Test timeout of 30000ms exceeded.
    Call log:
      - waiting for locator('[data-testid="btn-vincular-profissional"]')


      58 |
      59 |   test('deve vincular serviço a profissional', async ({ page }) => {
    > 60 |     await page.click('[data-testid="btn-vincular-profissional"]');
         |                ^
      61 |     // Selecionar primeiro profissional disponível (dados criados no createTestData)
      62 |     const firstProf = await page.locator('[data-testid="select-profissional"] option').nth(1); // pular placeholder
      63 |     const value = await firstProf.getAttribute('value');
        at C:\Users\ADMIN\Desktop\saasBarbearia\saas-barbearia\e2e\tests\servicos.spec.ts:60:16

    attachment #1: screenshot (image/png) ──────────────────────────────────────────────────────────
    ..\..\test-results\servicos-Serviços-deve-vincular-serviço-a-profissional-chromium\test-failed-1.png
    ────────────────────────────────────────────────────────────────────────────────────────────────

    attachment #2: video (video/webm) ──────────────────────────────────────────────────────────────
    ..\..\test-results\servicos-Serviços-deve-vincular-serviço-a-profissional-chromium\video.webm
    ────────────────────────────────────────────────────────────────────────────────────────────────

    Error Context: ..\..\test-results\servicos-Serviços-deve-vincular-serviço-a-profissional-chromium\error-context.md
]]>
</failure>
<system-out>
<![CDATA[✅ Dados de teste criados
✅ Dados de teste limpos
]]>
</system-out>
<system-err>
<![CDATA[
Warning: attachment servicos-Serviços-deve-vincular-serviço-a-profissional-chromium\test-failed-1.png is missing
Warning: attachment servicos-Serviços-deve-vincular-serviço-a-profissional-chromium\video.webm is missing
Warning: attachment servicos-Serviços-deve-vincular-serviço-a-profissional-chromium\error-context.md is missing]]>
</system-err>
</testcase>
<testcase name="Serviços › deve remover vínculo com profissional" classname="servicos.spec.ts" time="33">
<failure message="servicos.spec.ts:75:7 deve remover vínculo com profissional" type="FAILURE">
<![CDATA[  [chromium] › servicos.spec.ts:75:7 › Serviços › deve remover vínculo com profissional ────────────

    Test timeout of 30000ms exceeded.

    Error: page.click: Test timeout of 30000ms exceeded.
    Call log:
      - waiting for locator('[data-testid="btn-vincular-profissional"]')


      75 |   test('deve remover vínculo com profissional', async ({ page }) => {
      76 |     // Primeiro criar o vínculo
    > 77 |     await page.click('[data-testid="btn-vincular-profissional"]');
         |                ^
      78 |     const firstProf = await page.locator('[data-testid="select-profissional"] option').nth(1);
      79 |     const value = await firstProf.getAttribute('value');
      80 |     if (value) {
        at C:\Users\ADMIN\Desktop\saasBarbearia\saas-barbearia\e2e\tests\servicos.spec.ts:77:16

    attachment #1: screenshot (image/png) ──────────────────────────────────────────────────────────
    ..\..\test-results\servicos-Serviços-deve-remover-vínculo-com-profissional-chromium\test-failed-1.png
    ────────────────────────────────────────────────────────────────────────────────────────────────

    attachment #2: video (video/webm) ──────────────────────────────────────────────────────────────
    ..\..\test-results\servicos-Serviços-deve-remover-vínculo-com-profissional-chromium\video.webm
    ────────────────────────────────────────────────────────────────────────────────────────────────

    Error Context: ..\..\test-results\servicos-Serviços-deve-remover-vínculo-com-profissional-chromium\error-context.md
]]>
</failure>
<system-out>
<![CDATA[✅ Dados de teste criados
✅ Dados de teste limpos
]]>
</system-out>
<system-err>
<![CDATA[
Warning: attachment servicos-Serviços-deve-remover-vínculo-com-profissional-chromium\test-failed-1.png is missing
Warning: attachment servicos-Serviços-deve-remover-vínculo-com-profissional-chromium\video.webm is missing
Warning: attachment servicos-Serviços-deve-remover-vínculo-com-profissional-chromium\error-context.md is missing]]>
</system-err>
</testcase>
<testcase name="Serviços › deve arquivar serviço" classname="servicos.spec.ts" time="31.306">
<failure message="servicos.spec.ts:94:7 deve arquivar serviço" type="FAILURE">
<![CDATA[  [chromium] › servicos.spec.ts:94:7 › Serviços › deve arquivar serviço ────────────────────────────

    Test timeout of 30000ms exceeded.

    Error: page.click: Test timeout of 30000ms exceeded.
    Call log:
      - waiting for locator('[data-testid="btn-acoes-servico"]')


      93 |
      94 |   test('deve arquivar serviço', async ({ page }) => {
    > 95 |     await page.click('[data-testid="btn-acoes-servico"]');
         |                ^
      96 |     await page.click('[data-testid="btn-arquivar-servico"]');
      97 |
      98 |     await page.click('[data-testid="btn-confirmar-arquivamento"]');
        at C:\Users\ADMIN\Desktop\saasBarbearia\saas-barbearia\e2e\tests\servicos.spec.ts:95:16

    attachment #1: screenshot (image/png) ──────────────────────────────────────────────────────────
    ..\..\test-results\servicos-Serviços-deve-arquivar-serviço-chromium\test-failed-1.png
    ────────────────────────────────────────────────────────────────────────────────────────────────

    attachment #2: video (video/webm) ──────────────────────────────────────────────────────────────
    ..\..\test-results\servicos-Serviços-deve-arquivar-serviço-chromium\video.webm
    ────────────────────────────────────────────────────────────────────────────────────────────────

    Error Context: ..\..\test-results\servicos-Serviços-deve-arquivar-serviço-chromium\error-context.md
]]>
</failure>
<system-out>
<![CDATA[✅ Dados de teste criados
✅ Dados de teste limpos
]]>
</system-out>
<system-err>
<![CDATA[
Warning: attachment servicos-Serviços-deve-arquivar-serviço-chromium\test-failed-1.png is missing
Warning: attachment servicos-Serviços-deve-arquivar-serviço-chromium\video.webm is missing
Warning: attachment servicos-Serviços-deve-arquivar-serviço-chromium\error-context.md is missing]]>
</system-err>
</testcase>
<testcase name="Serviços › deve filtrar serviços por categoria" classname="servicos.spec.ts" time="31.134">
<failure message="servicos.spec.ts:104:7 deve filtrar serviços por categoria" type="FAILURE">
<![CDATA[  [chromium] › servicos.spec.ts:104:7 › Serviços › deve filtrar serviços por categoria ─────────────

    Test timeout of 30000ms exceeded.

    Error: page.selectOption: Test timeout of 30000ms exceeded.
    Call log:
      - waiting for locator('[data-testid="select-filtro-categoria"]')


      103 |
      104 |   test('deve filtrar serviços por categoria', async ({ page }) => {
    > 105 |     await page.selectOption('[data-testid="select-filtro-categoria"]', 'corte');
          |                ^
      106 |
      107 |     await expect(page.locator('[data-testid="servico-item"]')).toHaveCount(1);
      108 |
        at C:\Users\ADMIN\Desktop\saasBarbearia\saas-barbearia\e2e\tests\servicos.spec.ts:105:16

    attachment #1: screenshot (image/png) ──────────────────────────────────────────────────────────
    ..\..\test-results\servicos-Serviços-deve-filtrar-serviços-por-categoria-chromium\test-failed-1.png
    ────────────────────────────────────────────────────────────────────────────────────────────────

    attachment #2: video (video/webm) ──────────────────────────────────────────────────────────────
    ..\..\test-results\servicos-Serviços-deve-filtrar-serviços-por-categoria-chromium\video.webm
    ────────────────────────────────────────────────────────────────────────────────────────────────

    Error Context: ..\..\test-results\servicos-Serviços-deve-filtrar-serviços-por-categoria-chromium\error-context.md
]]>
</failure>
<system-out>
<![CDATA[✅ Dados de teste criados
✅ Dados de teste limpos
]]>
</system-out>
<system-err>
<![CDATA[
Warning: attachment servicos-Serviços-deve-filtrar-serviços-por-categoria-chromium\test-failed-1.png is missing
Warning: attachment servicos-Serviços-deve-filtrar-serviços-por-categoria-chromium\video.webm is missing
Warning: attachment servicos-Serviços-deve-filtrar-serviços-por-categoria-chromium\error-context.md is missing]]>
</system-err>
</testcase>
<testcase name="Serviços › deve buscar serviços por nome" classname="servicos.spec.ts" time="30.796">
<failure message="servicos.spec.ts:114:7 deve buscar serviços por nome" type="FAILURE">
<![CDATA[  [chromium] › servicos.spec.ts:114:7 › Serviços › deve buscar serviços por nome ───────────────────

    Test timeout of 30000ms exceeded.

    Error: page.fill: Test timeout of 30000ms exceeded.
    Call log:
      - waiting for locator('[data-testid="input-busca-servico"]')


      113 |
      114 |   test('deve buscar serviços por nome', async ({ page }) => {
    > 115 |     await page.fill('[data-testid="input-busca-servico"]', 'Corte');
          |                ^
      116 |
      117 |     await expect(page.locator('[data-testid="servico-item"]')).toHaveCount(1);
      118 |
        at C:\Users\ADMIN\Desktop\saasBarbearia\saas-barbearia\e2e\tests\servicos.spec.ts:115:16

    attachment #1: screenshot (image/png) ──────────────────────────────────────────────────────────
    ..\..\test-results\servicos-Serviços-deve-buscar-serviços-por-nome-chromium\test-failed-1.png
    ────────────────────────────────────────────────────────────────────────────────────────────────

    attachment #2: video (video/webm) ──────────────────────────────────────────────────────────────
    ..\..\test-results\servicos-Serviços-deve-buscar-serviços-por-nome-chromium\video.webm
    ────────────────────────────────────────────────────────────────────────────────────────────────

    Error Context: ..\..\test-results\servicos-Serviços-deve-buscar-serviços-por-nome-chromium\error-context.md
]]>
</failure>
<system-out>
<![CDATA[✅ Dados de teste criados
✅ Dados de teste limpos
]]>
</system-out>
<system-err>
<![CDATA[
Warning: attachment servicos-Serviços-deve-buscar-serviços-por-nome-chromium\test-failed-1.png is missing
Warning: attachment servicos-Serviços-deve-buscar-serviços-por-nome-chromium\video.webm is missing
Warning: attachment servicos-Serviços-deve-buscar-serviços-por-nome-chromium\error-context.md is missing]]>
</system-err>
</testcase>
<testcase name="Serviços › deve ordenar serviços por preço" classname="servicos.spec.ts" time="30.738">
<failure message="servicos.spec.ts:124:7 deve ordenar serviços por preço" type="FAILURE">
<![CDATA[  [chromium] › servicos.spec.ts:124:7 › Serviços › deve ordenar serviços por preço ─────────────────

    Test timeout of 30000ms exceeded.

    Error: page.click: Test timeout of 30000ms exceeded.
    Call log:
      - waiting for locator('[data-testid="btn-novo-servico"]')


      124 |   test('deve ordenar serviços por preço', async ({ page }) => {
      125 |     // Criar serviços com preços diferentes
    > 126 |     await page.click('[data-testid="btn-novo-servico"]');
          |                ^
      127 |     await page.fill('[data-testid="input-nome"]', 'Serviço Barato');
      128 |     await page.fill('[data-testid="input-preco"]', '20.00');
      129 |     await page.fill('[data-testid="input-duracao"]', '30');
        at C:\Users\ADMIN\Desktop\saasBarbearia\saas-barbearia\e2e\tests\servicos.spec.ts:126:16

    attachment #1: screenshot (image/png) ──────────────────────────────────────────────────────────
    ..\..\test-results\servicos-Serviços-deve-ordenar-serviços-por-preço-chromium\test-failed-1.png
    ────────────────────────────────────────────────────────────────────────────────────────────────

    attachment #2: video (video/webm) ──────────────────────────────────────────────────────────────
    ..\..\test-results\servicos-Serviços-deve-ordenar-serviços-por-preço-chromium\video.webm
    ────────────────────────────────────────────────────────────────────────────────────────────────

    Error Context: ..\..\test-results\servicos-Serviços-deve-ordenar-serviços-por-preço-chromium\error-context.md
]]>
</failure>
<system-out>
<![CDATA[✅ Dados de teste criados
✅ Dados de teste limpos
]]>
</system-out>
<system-err>
<![CDATA[
Warning: attachment servicos-Serviços-deve-ordenar-serviços-por-preço-chromium\test-failed-1.png is missing
Warning: attachment servicos-Serviços-deve-ordenar-serviços-por-preço-chromium\video.webm is missing
Warning: attachment servicos-Serviços-deve-ordenar-serviços-por-preço-chromium\error-context.md is missing]]>
</system-err>
</testcase>
<testcase name="Serviços › deve exibir detalhes do serviço" classname="servicos.spec.ts" time="32.11">
<failure message="servicos.spec.ts:162:7 deve exibir detalhes do serviço" type="FAILURE">
<![CDATA[  [chromium] › servicos.spec.ts:162:7 › Serviços › deve exibir detalhes do serviço ─────────────────

    Test timeout of 30000ms exceeded.

    Error: page.click: Test timeout of 30000ms exceeded.
    Call log:
      - waiting for locator('[data-testid="btn-ver-detalhes"]')


      161 |
      162 |   test('deve exibir detalhes do serviço', async ({ page }) => {
    > 163 |     await page.click('[data-testid="btn-ver-detalhes"]');
          |                ^
      164 |
      165 |     await expect(page.locator('[data-testid="modal-detalhes-servico"]')).toBeVisible();
      166 |     await expect(page.locator('[data-testid="nome-servico"]')).toContainText('Corte Masculino');
        at C:\Users\ADMIN\Desktop\saasBarbearia\saas-barbearia\e2e\tests\servicos.spec.ts:163:16

    attachment #1: screenshot (image/png) ──────────────────────────────────────────────────────────
    ..\..\test-results\servicos-Serviços-deve-exibir-detalhes-do-serviço-chromium\test-failed-1.png
    ────────────────────────────────────────────────────────────────────────────────────────────────

    attachment #2: video (video/webm) ──────────────────────────────────────────────────────────────
    ..\..\test-results\servicos-Serviços-deve-exibir-detalhes-do-serviço-chromium\video.webm
    ────────────────────────────────────────────────────────────────────────────────────────────────

    Error Context: ..\..\test-results\servicos-Serviços-deve-exibir-detalhes-do-serviço-chromium\error-context.md
]]>
</failure>
<system-out>
<![CDATA[✅ Dados de teste criados
✅ Dados de teste limpos
]]>
</system-out>
<system-err>
<![CDATA[
Warning: attachment servicos-Serviços-deve-exibir-detalhes-do-serviço-chromium\test-failed-1.png is missing
Warning: attachment servicos-Serviços-deve-exibir-detalhes-do-serviço-chromium\video.webm is missing
Warning: attachment servicos-Serviços-deve-exibir-detalhes-do-serviço-chromium\error-context.md is missing]]>
</system-err>
</testcase>
<testcase name="Serviços › deve validar preço e duração" classname="servicos.spec.ts" time="32.103">
<failure message="servicos.spec.ts:172:7 deve validar preço e duração" type="FAILURE">
<![CDATA[  [chromium] › servicos.spec.ts:172:7 › Serviços › deve validar preço e duração ────────────────────

    Test timeout of 30000ms exceeded.

    Error: page.click: Test timeout of 30000ms exceeded.
    Call log:
      - waiting for locator('[data-testid="btn-novo-servico"]')


      171 |
      172 |   test('deve validar preço e duração', async ({ page }) => {
    > 173 |     await page.click('[data-testid="btn-novo-servico"]');
          |                ^
      174 |
      175 |     // Preço negativo
      176 |     await page.fill('[data-testid="input-preco"]', '-10.00');
        at C:\Users\ADMIN\Desktop\saasBarbearia\saas-barbearia\e2e\tests\servicos.spec.ts:173:16

    attachment #1: screenshot (image/png) ──────────────────────────────────────────────────────────
    ..\..\test-results\servicos-Serviços-deve-validar-preço-e-duração-chromium\test-failed-1.png
    ────────────────────────────────────────────────────────────────────────────────────────────────

    attachment #2: video (video/webm) ──────────────────────────────────────────────────────────────
    ..\..\test-results\servicos-Serviços-deve-validar-preço-e-duração-chromium\video.webm
    ────────────────────────────────────────────────────────────────────────────────────────────────

    Error Context: ..\..\test-results\servicos-Serviços-deve-validar-preço-e-duração-chromium\error-context.md
]]>
</failure>
<system-out>
<![CDATA[✅ Dados de teste criados
✅ Dados de teste limpos
]]>
</system-out>
<system-err>
<![CDATA[
Warning: attachment servicos-Serviços-deve-validar-preço-e-duração-chromium\test-failed-1.png is missing
Warning: attachment servicos-Serviços-deve-validar-preço-e-duração-chromium\video.webm is missing
Warning: attachment servicos-Serviços-deve-validar-preço-e-duração-chromium\error-context.md is missing]]>
</system-err>
</testcase>
</testsuite>
<testsuite name="smoke.spec.ts" timestamp="2025-08-29T16:24:40.714Z" hostname="chromium" tests="13" failures="13" skipped="0" time="521.615" errors="0">
<testcase name="Smoke Tests › deve carregar dashboard principal" classname="smoke.spec.ts" time="40.583">
<failure message="smoke.spec.ts:8:7 deve carregar dashboard principal" type="FAILURE">
<![CDATA[  [chromium] › smoke.spec.ts:8:7 › Smoke Tests › deve carregar dashboard principal ─────────────────

    Test timeout of 30000ms exceeded.

    Error: page.goto: net::ERR_ABORTED; maybe frame was detached?
    Call log:
      - navigating to "http://localhost:3000/dashboard", waiting until "load"


       8 |   test('deve carregar dashboard principal', async ({ authenticatedPage }) => {
       9 |     // Navegar para dashboard
    > 10 |     await authenticatedPage.goto('/dashboard');
         |                             ^
      11 |
      12 |     // Aguardar carregamento
      13 |     await authenticatedPage.waitForSelector('[data-testid="dashboard-content"]');
        at C:\Users\ADMIN\Desktop\saasBarbearia\saas-barbearia\e2e\tests\smoke.spec.ts:10:29

    attachment #1: video (video/webm) ──────────────────────────────────────────────────────────────
    ..\..\test-results\smoke-Smoke-Tests-deve-carregar-dashboard-principal-chromium\video.webm
    ────────────────────────────────────────────────────────────────────────────────────────────────
]]>
</failure>
<system-err>
<![CDATA[⚠️ Aviso: user-menu não encontrado, prosseguindo.

Warning: attachment smoke-Smoke-Tests-deve-carregar-dashboard-principal-chromium\video.webm is missing]]>
</system-err>
</testcase>
<testcase name="Smoke Tests › deve carregar página de clientes" classname="smoke.spec.ts" time="40.445">
<failure message="smoke.spec.ts:25:7 deve carregar página de clientes" type="FAILURE">
<![CDATA[  [chromium] › smoke.spec.ts:25:7 › Smoke Tests › deve carregar página de clientes ─────────────────

    Test timeout of 30000ms exceeded.

    Error: page.goto: net::ERR_ABORTED; maybe frame was detached?
    Call log:
      - navigating to "http://localhost:3000/clientes", waiting until "load"


      25 |   test('deve carregar página de clientes', async ({ authenticatedPage }) => {
      26 |     // Navegar para clientes
    > 27 |     await authenticatedPage.goto('/clientes');
         |                             ^
      28 |
      29 |     // Aguardar carregamento
      30 |     await authenticatedPage.waitForSelector('[data-testid="clientes-content"]');
        at C:\Users\ADMIN\Desktop\saasBarbearia\saas-barbearia\e2e\tests\smoke.spec.ts:27:29

    attachment #1: video (video/webm) ──────────────────────────────────────────────────────────────
    ..\..\test-results\smoke-Smoke-Tests-deve-carregar-página-de-clientes-chromium\video.webm
    ────────────────────────────────────────────────────────────────────────────────────────────────
]]>
</failure>
<system-err>
<![CDATA[⚠️ Aviso: user-menu não encontrado, prosseguindo.

Warning: attachment smoke-Smoke-Tests-deve-carregar-página-de-clientes-chromium\video.webm is missing]]>
</system-err>
</testcase>
<testcase name="Smoke Tests › deve carregar página de profissionais" classname="smoke.spec.ts" time="40.369">
<failure message="smoke.spec.ts:42:7 deve carregar página de profissionais" type="FAILURE">
<![CDATA[  [chromium] › smoke.spec.ts:42:7 › Smoke Tests › deve carregar página de profissionais ────────────

    Test timeout of 30000ms exceeded.

    Error: page.goto: net::ERR_ABORTED; maybe frame was detached?
    Call log:
      - navigating to "http://localhost:3000/profissionais", waiting until "load"


      42 |   test('deve carregar página de profissionais', async ({ authenticatedPage }) => {
      43 |     // Navegar para profissionais
    > 44 |     await authenticatedPage.goto('/profissionais');
         |                             ^
      45 |
      46 |     // Aguardar carregamento
      47 |     await authenticatedPage.waitForSelector('[data-testid="profissionais-content"]');
        at C:\Users\ADMIN\Desktop\saasBarbearia\saas-barbearia\e2e\tests\smoke.spec.ts:44:29

    attachment #1: video (video/webm) ──────────────────────────────────────────────────────────────
    ..\..\test-results\smoke-Smoke-Tests-deve-carregar-página-de-profissionais-chromium\video.webm
    ────────────────────────────────────────────────────────────────────────────────────────────────
]]>
</failure>
<system-err>
<![CDATA[⚠️ Aviso: user-menu não encontrado, prosseguindo.

Warning: attachment smoke-Smoke-Tests-deve-carregar-página-de-profissionais-chromium\video.webm is missing]]>
</system-err>
</testcase>
<testcase name="Smoke Tests › deve carregar página de serviços" classname="smoke.spec.ts" time="40.129">
<failure message="smoke.spec.ts:61:7 deve carregar página de serviços" type="FAILURE">
<![CDATA[  [chromium] › smoke.spec.ts:61:7 › Smoke Tests › deve carregar página de serviços ─────────────────

    Test timeout of 30000ms exceeded.

    Error: page.goto: net::ERR_ABORTED; maybe frame was detached?
    Call log:
      - navigating to "http://localhost:3000/servicos", waiting until "load"


      61 |   test('deve carregar página de serviços', async ({ authenticatedPage }) => {
      62 |     // Navegar para serviços
    > 63 |     await authenticatedPage.goto('/servicos');
         |                             ^
      64 |
      65 |     // Aguardar carregamento
      66 |     await authenticatedPage.waitForSelector('[data-testid="servicos-content"]');
        at C:\Users\ADMIN\Desktop\saasBarbearia\saas-barbearia\e2e\tests\smoke.spec.ts:63:29

    attachment #1: video (video/webm) ──────────────────────────────────────────────────────────────
    ..\..\test-results\smoke-Smoke-Tests-deve-carregar-página-de-serviços-chromium\video.webm
    ────────────────────────────────────────────────────────────────────────────────────────────────
]]>
</failure>
<system-err>
<![CDATA[⚠️ Aviso: user-menu não encontrado, prosseguindo.

Warning: attachment smoke-Smoke-Tests-deve-carregar-página-de-serviços-chromium\video.webm is missing]]>
</system-err>
</testcase>
<testcase name="Smoke Tests › deve carregar página de agenda" classname="smoke.spec.ts" time="40.262">
<failure message="smoke.spec.ts:78:7 deve carregar página de agenda" type="FAILURE">
<![CDATA[  [chromium] › smoke.spec.ts:78:7 › Smoke Tests › deve carregar página de agenda ───────────────────

    Test timeout of 30000ms exceeded.

    Error: page.goto: net::ERR_ABORTED; maybe frame was detached?
    Call log:
      - navigating to "http://localhost:3000/agenda", waiting until "load"


      78 |   test('deve carregar página de agenda', async ({ authenticatedPage }) => {
      79 |     // Navegar para agenda
    > 80 |     await authenticatedPage.goto('/agenda');
         |                             ^
      81 |
      82 |     // Aguardar carregamento
      83 |     await authenticatedPage.waitForSelector('[data-testid="agenda-content"]');
        at C:\Users\ADMIN\Desktop\saasBarbearia\saas-barbearia\e2e\tests\smoke.spec.ts:80:29

    attachment #1: video (video/webm) ──────────────────────────────────────────────────────────────
    ..\..\test-results\smoke-Smoke-Tests-deve-carregar-página-de-agenda-chromium\video.webm
    ────────────────────────────────────────────────────────────────────────────────────────────────
]]>
</failure>
<system-err>
<![CDATA[⚠️ Aviso: user-menu não encontrado, prosseguindo.

Warning: attachment smoke-Smoke-Tests-deve-carregar-página-de-agenda-chromium\video.webm is missing]]>
</system-err>
</testcase>
<testcase name="Smoke Tests › deve carregar página da fila" classname="smoke.spec.ts" time="40.56">
<failure message="smoke.spec.ts:97:7 deve carregar página da fila" type="FAILURE">
<![CDATA[  [chromium] › smoke.spec.ts:97:7 › Smoke Tests › deve carregar página da fila ─────────────────────

    Test timeout of 30000ms exceeded.

    Error: page.goto: Test timeout of 30000ms exceeded.
    Call log:
      - navigating to "http://localhost:3000/fila", waiting until "load"


       97 |   test('deve carregar página da fila', async ({ authenticatedPage }) => {
       98 |     // Navegar para fila
    >  99 |     await authenticatedPage.goto('/fila');
          |                             ^
      100 |
      101 |     // Aguardar carregamento
      102 |     await authenticatedPage.waitForSelector('[data-testid="fila-content"]');
        at C:\Users\ADMIN\Desktop\saasBarbearia\saas-barbearia\e2e\tests\smoke.spec.ts:99:29

    attachment #1: video (video/webm) ──────────────────────────────────────────────────────────────
    ..\..\test-results\smoke-Smoke-Tests-deve-carregar-página-da-fila-chromium\video.webm
    ────────────────────────────────────────────────────────────────────────────────────────────────
]]>
</failure>
<system-err>
<![CDATA[⚠️ Aviso: user-menu não encontrado, prosseguindo.

Warning: attachment smoke-Smoke-Tests-deve-carregar-página-da-fila-chromium\video.webm is missing]]>
</system-err>
</testcase>
<testcase name="Smoke Tests › deve carregar página financeira" classname="smoke.spec.ts" time="40.591">
<failure message="smoke.spec.ts:114:7 deve carregar página financeira" type="FAILURE">
<![CDATA[  [chromium] › smoke.spec.ts:114:7 › Smoke Tests › deve carregar página financeira ─────────────────

    Test timeout of 30000ms exceeded.

    Error: page.goto: net::ERR_ABORTED; maybe frame was detached?
    Call log:
      - navigating to "http://localhost:3000/caixa", waiting until "load"


      114 |   test('deve carregar página financeira', async ({ authenticatedPage }) => {
      115 |     // Navegar para caixa
    > 116 |     await authenticatedPage.goto('/caixa');
          |                             ^
      117 |
      118 |     // Aguardar carregamento
      119 |     await authenticatedPage.waitForSelector('[data-testid="caixa-content"]');
        at C:\Users\ADMIN\Desktop\saasBarbearia\saas-barbearia\e2e\tests\smoke.spec.ts:116:29

    attachment #1: video (video/webm) ──────────────────────────────────────────────────────────────
    ..\..\test-results\smoke-Smoke-Tests-deve-carregar-página-financeira-chromium\video.webm
    ────────────────────────────────────────────────────────────────────────────────────────────────
]]>
</failure>
<system-err>
<![CDATA[⚠️ Aviso: user-menu não encontrado, prosseguindo.

Warning: attachment smoke-Smoke-Tests-deve-carregar-página-financeira-chromium\video.webm is missing]]>
</system-err>
</testcase>
<testcase name="Smoke Tests › deve carregar página de relatórios" classname="smoke.spec.ts" time="40.392">
<failure message="smoke.spec.ts:131:7 deve carregar página de relatórios" type="FAILURE">
<![CDATA[  [chromium] › smoke.spec.ts:131:7 › Smoke Tests › deve carregar página de relatórios ──────────────

    Test timeout of 30000ms exceeded.

    Error: page.goto: net::ERR_ABORTED; maybe frame was detached?
    Call log:
      - navigating to "http://localhost:3000/relatorios", waiting until "load"


      131 |   test('deve carregar página de relatórios', async ({ authenticatedPage }) => {
      132 |     // Navegar para relatórios
    > 133 |     await authenticatedPage.goto('/relatorios');
          |                             ^
      134 |
      135 |     // Aguardar carregamento
      136 |     await authenticatedPage.waitForSelector('[data-testid="relatorios-content"]');
        at C:\Users\ADMIN\Desktop\saasBarbearia\saas-barbearia\e2e\tests\smoke.spec.ts:133:29

    attachment #1: video (video/webm) ──────────────────────────────────────────────────────────────
    ..\..\test-results\smoke-Smoke-Tests-deve-carregar-página-de-relatórios-chromium\video.webm
    ────────────────────────────────────────────────────────────────────────────────────────────────
]]>
</failure>
<system-err>
<![CDATA[⚠️ Aviso: user-menu não encontrado, prosseguindo.

Warning: attachment smoke-Smoke-Tests-deve-carregar-página-de-relatórios-chromium\video.webm is missing]]>
</system-err>
</testcase>
<testcase name="Smoke Tests › deve carregar página de configurações" classname="smoke.spec.ts" time="40.134">
<failure message="smoke.spec.ts:150:7 deve carregar página de configurações" type="FAILURE">
<![CDATA[  [chromium] › smoke.spec.ts:150:7 › Smoke Tests › deve carregar página de configurações ───────────

    Test timeout of 30000ms exceeded.

    Error: page.goto: net::ERR_ABORTED; maybe frame was detached?
    Call log:
      - navigating to "http://localhost:3000/configuracoes", waiting until "load"


      150 |   test('deve carregar página de configurações', async ({ authenticatedPage }) => {
      151 |     // Navegar para configurações
    > 152 |     await authenticatedPage.goto('/configuracoes');
          |                             ^
      153 |
      154 |     // Aguardar carregamento
      155 |     await authenticatedPage.waitForSelector('[data-testid="configuracoes-content"]');
        at C:\Users\ADMIN\Desktop\saasBarbearia\saas-barbearia\e2e\tests\smoke.spec.ts:152:29

    attachment #1: video (video/webm) ──────────────────────────────────────────────────────────────
    ..\..\test-results\smoke-Smoke-Tests-deve-carregar-página-de-configurações-chromium\video.webm
    ────────────────────────────────────────────────────────────────────────────────────────────────
]]>
</failure>
<system-err>
<![CDATA[⚠️ Aviso: user-menu não encontrado, prosseguindo.

Warning: attachment smoke-Smoke-Tests-deve-carregar-página-de-configurações-chromium\video.webm is missing]]>
</system-err>
</testcase>
<testcase name="Smoke Tests › deve navegar entre módulos principais" classname="smoke.spec.ts" time="40.105">
<failure message="smoke.spec.ts:166:7 deve navegar entre módulos principais" type="FAILURE">
<![CDATA[  [chromium] › smoke.spec.ts:166:7 › Smoke Tests › deve navegar entre módulos principais ───────────

    Test timeout of 30000ms exceeded.

    Error: page.goto: net::ERR_ABORTED; maybe frame was detached?
    Call log:
      - navigating to "http://localhost:3000/dashboard", waiting until "load"


      166 |   test('deve navegar entre módulos principais', async ({ authenticatedPage }) => {
      167 |     // Começar no dashboard
    > 168 |     await authenticatedPage.goto('/dashboard');
          |                             ^
      169 |     await authenticatedPage.waitForSelector('[data-testid="dashboard-content"]');
      170 |
      171 |     // Navegar para clientes
        at C:\Users\ADMIN\Desktop\saasBarbearia\saas-barbearia\e2e\tests\smoke.spec.ts:168:29

    attachment #1: video (video/webm) ──────────────────────────────────────────────────────────────
    ..\..\test-results\smoke-Smoke-Tests-deve-navegar-entre-módulos-principais-chromium\video.webm
    ────────────────────────────────────────────────────────────────────────────────────────────────
]]>
</failure>
<system-err>
<![CDATA[⚠️ Aviso: user-menu não encontrado, prosseguindo.

Warning: attachment smoke-Smoke-Tests-deve-navegar-entre-módulos-principais-chromium\video.webm is missing]]>
</system-err>
</testcase>
<testcase name="Smoke Tests › deve carregar componentes de layout consistentemente" classname="smoke.spec.ts" time="40.133">
<failure message="smoke.spec.ts:197:7 deve carregar componentes de layout consistentemente" type="FAILURE">
<![CDATA[  [chromium] › smoke.spec.ts:197:7 › Smoke Tests › deve carregar componentes de layout consistentemente 

    Test timeout of 30000ms exceeded.

    Error: page.goto: net::ERR_ABORTED; maybe frame was detached?
    Call log:
      - navigating to "http://localhost:3000/dashboard", waiting until "load"


      197 |   test('deve carregar componentes de layout consistentemente', async ({ authenticatedPage }) => {
      198 |     // Navegar para qualquer página
    > 199 |     await authenticatedPage.goto('/dashboard');
          |                             ^
      200 |     await authenticatedPage.waitForSelector('[data-testid="dashboard-content"]');
      201 |
      202 |     // Verificar se header está presente
        at C:\Users\ADMIN\Desktop\saasBarbearia\saas-barbearia\e2e\tests\smoke.spec.ts:199:29

    attachment #1: video (video/webm) ──────────────────────────────────────────────────────────────
    ..\..\test-results\smoke-Smoke-Tests-deve-car-b67af--de-layout-consistentemente-chromium\video.webm
    ────────────────────────────────────────────────────────────────────────────────────────────────
]]>
</failure>
<system-err>
<![CDATA[⚠️ Aviso: user-menu não encontrado, prosseguindo.

Warning: attachment smoke-Smoke-Tests-deve-car-b67af--de-layout-consistentemente-chromium\video.webm is missing]]>
</system-err>
</testcase>
<testcase name="Smoke Tests › deve responder a mudanças de viewport" classname="smoke.spec.ts" time="40.229">
<failure message="smoke.spec.ts:218:7 deve responder a mudanças de viewport" type="FAILURE">
<![CDATA[  [chromium] › smoke.spec.ts:218:7 › Smoke Tests › deve responder a mudanças de viewport ───────────

    Test timeout of 30000ms exceeded.

    Error: page.goto: net::ERR_ABORTED; maybe frame was detached?
    Call log:
      - navigating to "http://localhost:3000/dashboard", waiting until "load"


      218 |   test('deve responder a mudanças de viewport', async ({ authenticatedPage }) => {
      219 |     // Navegar para dashboard
    > 220 |     await authenticatedPage.goto('/dashboard');
          |                             ^
      221 |     await authenticatedPage.waitForSelector('[data-testid="dashboard-content"]');
      222 |
      223 |     // Verificar layout desktop
        at C:\Users\ADMIN\Desktop\saasBarbearia\saas-barbearia\e2e\tests\smoke.spec.ts:220:29

    attachment #1: video (video/webm) ──────────────────────────────────────────────────────────────
    ..\..\test-results\smoke-Smoke-Tests-deve-responder-a-mudanças-de-viewport-chromium\video.webm
    ────────────────────────────────────────────────────────────────────────────────────────────────
]]>
</failure>
<system-err>
<![CDATA[⚠️ Aviso: user-menu não encontrado, prosseguindo.

Warning: attachment smoke-Smoke-Tests-deve-responder-a-mudanças-de-viewport-chromium\video.webm is missing]]>
</system-err>
</testcase>
<testcase name="Smoke Tests › deve carregar páginas com performance aceitável" classname="smoke.spec.ts" time="37.683">
<failure message="smoke.spec.ts:242:7 deve carregar páginas com performance aceitável" type="FAILURE">
<![CDATA[  [chromium] › smoke.spec.ts:242:7 › Smoke Tests › deve carregar páginas com performance aceitável ─

    Test timeout of 30000ms exceeded.

    Error: page.waitForSelector: Test timeout of 30000ms exceeded.
    Call log:
      - waiting for locator('[data-testid="dashboard-content"]') to be visible


      245 |
      246 |     await authenticatedPage.goto('/dashboard');
    > 247 |     await authenticatedPage.waitForSelector('[data-testid="dashboard-content"]');
          |                             ^
      248 |
      249 |     const loadTime = Date.now() - startTime;
      250 |
        at C:\Users\ADMIN\Desktop\saasBarbearia\saas-barbearia\e2e\tests\smoke.spec.ts:247:29

    attachment #1: video (video/webm) ──────────────────────────────────────────────────────────────
    ..\..\test-results\smoke-Smoke-Tests-deve-car-9c1cd-s-com-performance-aceitável-chromium\video.webm
    ────────────────────────────────────────────────────────────────────────────────────────────────

    Error Context: ..\..\test-results\smoke-Smoke-Tests-deve-car-9c1cd-s-com-performance-aceitável-chromium\error-context.md
]]>
</failure>
<system-err>
<![CDATA[⚠️ Aviso: user-menu não encontrado, prosseguindo.

Warning: attachment smoke-Smoke-Tests-deve-car-9c1cd-s-com-performance-aceitável-chromium\video.webm is missing
Warning: attachment smoke-Smoke-Tests-deve-car-9c1cd-s-com-performance-aceitável-chromium\error-context.md is missing]]>
</system-err>
</testcase>
</testsuite>
</testsuites>